Arguments: 
  /usr/local/bin/node /usr/share/yarn/bin/yarn.js add express

PATH: 
  /home/arjun/anaconda3/bin:/home/arjun/anaconda3/condabin:/home/arjun/bin:/home/arjun/.local/bin:/usr/local/sbin:/usr/local/bin:/usr/sbin:/usr/bin:/sbin:/bin:/usr/games:/usr/local/games:/snap/bin:/home/arjun/.javajre/jre1.8.0_231/bin

Yarn version: 
  1.21.1

Node version: 
  10.15.1

Platform: 
  linux x64

Trace: 
  Error: EACCES: permission denied, unlink '/var/www/html/contentwiz/backend/node_modules/node-cron/.covignore'

npm manifest: 
  {
    "name": "backend",
    "version": "1.0.0",
    "description": "",
    "main": "index.js",
    "scripts": {
      "test": "echo \"Error: no test specified\" && exit 1"
    },
    "keywords": [],
    "author": "",
    "license": "ISC",
    "dependencies": {
      "html-pdf": "^2.2.0",
      "multer": "^1.4.2",
      "node-cron": "^2.0.3"
    }
  }

yarn manifest: 
  No manifest

Lockfile: 
  No lockfile
